0 info it worked if it ends with ok
1 verbose cli [ '/home/slava/.nvm/versions/node/v4.2.6/bin/node',
1 verbose cli   '/usr/bin/npm',
1 verbose cli   'publish' ]
2 info using npm@3.6.0
3 info using node@v4.2.6
4 verbose publish [ '.' ]
5 silly cache add args [ '.', null ]
6 verbose cache add spec .
7 silly cache add parsed spec Result {
7 silly cache add   raw: '.',
7 silly cache add   scope: null,
7 silly cache add   name: null,
7 silly cache add   rawSpec: '.',
7 silly cache add   spec: '/home/slava/projects/ddf-validation',
7 silly cache add   type: 'directory' }
8 verbose addLocalDirectory /home/slava/.npm/ddf-validation/0.1.1/package.tgz not in flight; packing
9 verbose correctMkdir /home/slava/.npm correctMkdir not in flight; initializing
10 info lifecycle ddf-validation@0.1.1~prepublish: ddf-validation@0.1.1
11 silly lifecycle ddf-validation@0.1.1~prepublish: no script for prepublish, continuing
12 verbose tar pack [ '/home/slava/.npm/ddf-validation/0.1.1/package.tgz',
12 verbose tar pack   '/home/slava/projects/ddf-validation' ]
13 verbose tarball /home/slava/.npm/ddf-validation/0.1.1/package.tgz
14 verbose folder /home/slava/projects/ddf-validation
15 verbose addLocalTarball adding from inside cache /home/slava/.npm/ddf-validation/0.1.1/package.tgz
16 verbose correctMkdir /home/slava/.npm correctMkdir not in flight; initializing
17 silly cache afterAdd ddf-validation@0.1.1
18 verbose afterAdd /home/slava/.npm/ddf-validation/0.1.1/package/package.json not in flight; writing
19 verbose correctMkdir /home/slava/.npm correctMkdir not in flight; initializing
20 verbose afterAdd /home/slava/.npm/ddf-validation/0.1.1/package/package.json written
21 silly publish { name: 'ddf-validation',
21 silly publish   version: '0.1.1',
21 silly publish   description: 'DDF validion tool',
21 silly publish   main: 'index.js',
21 silly publish   bin: { 'validate-ddf': 'index.js' },
21 silly publish   scripts: { test: 'mocha "test/**/*.spec.js"' },
21 silly publish   author: { name: 'Dmitriy Shekhovtsov', email: 'valorkin@gmail.com' },
21 silly publish   license: 'MIT',
21 silly publish   dependencies:
21 silly publish    { ajv: '3.4.0',
21 silly publish      async: '1.5.2',
21 silly publish      blessed: '0.1.81',
21 silly publish      csv: '0.4.6',
21 silly publish      csvtojson: '0.5.1',
21 silly publish      lodash: '4.0.0',
21 silly publish      prettyjson: '1.1.3',
21 silly publish      rxjs: '5.0.0-beta.1' },
21 silly publish   devDependencies:
21 silly publish    { chai: '3.4.1',
21 silly publish      mocha: '2.3.4',
21 silly publish      sinon: '1.17.2',
21 silly publish      'sinon-chai': '2.8.0' },
21 silly publish   gitHead: '5d1afdc926932c3f26145948a05ee6815fa896f2',
21 silly publish   readme: 'ERROR: No README data found!',
21 silly publish   _id: 'ddf-validation@0.1.1',
21 silly publish   _shasum: 'c95159adbe031f3c59a9968a0169a89702e799f8',
21 silly publish   _from: '.' }
22 verbose getPublishConfig undefined
23 silly mapToRegistry name ddf-validation
24 silly mapToRegistry using default registry
25 silly mapToRegistry registry https://registry.npmjs.org/
26 silly mapToRegistry uri https://registry.npmjs.org/ddf-validation
27 verbose publish registryBase https://registry.npmjs.org/
28 silly publish uploading /home/slava/.npm/ddf-validation/0.1.1/package.tgz
29 verbose request uri https://registry.npmjs.org/ddf-validation
30 verbose request sending authorization for write operation
31 info attempt registry request try #1 at 2:47:24 PM
32 verbose request using bearer token for auth
33 verbose request id 3aa41a654e6c61ec
34 http request PUT https://registry.npmjs.org/ddf-validation
35 http 403 https://registry.npmjs.org/ddf-validation
36 verbose headers { 'content-type': 'application/json',
36 verbose headers   'cache-control': 'max-age=300',
36 verbose headers   'content-length': '95',
36 verbose headers   'accept-ranges': 'bytes',
36 verbose headers   date: 'Thu, 11 Feb 2016 12:47:24 GMT',
36 verbose headers   via: '1.1 varnish',
36 verbose headers   connection: 'keep-alive',
36 verbose headers   'x-served-by': 'cache-fra1247-FRA',
36 verbose headers   'x-cache': 'MISS',
36 verbose headers   'x-cache-hits': '0',
36 verbose headers   'x-timer': 'S1455194843.605857,VS0,VE991' }
37 verbose request invalidating /home/slava/.npm/registry.npmjs.org/ddf-validation on PUT
38 error publish Failed PUT 403
39 verbose stack Error: "You cannot publish over the previously published version 0.1.1." : ddf-validation
39 verbose stack     at makeError (/usr/lib/node_modules/npm/node_modules/npm-registry-client/lib/request.js:264:12)
39 verbose stack     at CachingRegistryClient.<anonymous> (/usr/lib/node_modules/npm/node_modules/npm-registry-client/lib/request.js:252:14)
39 verbose stack     at Request._callback (/usr/lib/node_modules/npm/node_modules/npm-registry-client/lib/request.js:172:14)
39 verbose stack     at Request.self.callback (/usr/lib/node_modules/npm/node_modules/request/request.js:198:22)
39 verbose stack     at emitTwo (events.js:87:13)
39 verbose stack     at Request.emit (events.js:172:7)
39 verbose stack     at Request.<anonymous> (/usr/lib/node_modules/npm/node_modules/request/request.js:1035:10)
39 verbose stack     at emitOne (events.js:82:20)
39 verbose stack     at Request.emit (events.js:169:7)
39 verbose stack     at IncomingMessage.<anonymous> (/usr/lib/node_modules/npm/node_modules/request/request.js:962:12)
40 verbose statusCode 403
41 verbose pkgid ddf-validation
42 verbose cwd /home/slava/projects/ddf-validation
43 error Linux 3.13.0-37-generic
44 error argv "/home/slava/.nvm/versions/node/v4.2.6/bin/node" "/usr/bin/npm" "publish"
45 error node v4.2.6
46 error npm  v3.6.0
47 error code E403
48 error "You cannot publish over the previously published version 0.1.1." : ddf-validation
49 error If you need help, you may report this error at:
49 error     <https://github.com/npm/npm/issues>
50 verbose exit [ 1, true ]
